<?xml version="1.0" encoding="UTF-8"?>
<!-- Generated by org.testng.reporters.JUnitXMLReporter -->
<testsuite ignored="1" hostname="CFCHPC0005" failures="0" tests="1" name="Default test" time="0.071" errors="0" timestamp="2020-08-04T17:08:49 IST">
  <testcase classname="qaclickacademy.Mavenjava.AppiumTestClass" name="NativeAppAndroid" time="0.006"/>
  <testcase classname="qaclickacademy.Mavenjava.AppiumTestClass" name="IOSApps" time="0.0">
    <ignored/>
  </testcase> <!-- IOSApps -->
</testsuite> <!-- Default test -->
