<?xml version="1.0" encoding="UTF-8"?>
<!-- Generated by org.testng.reporters.JUnitXMLReporter -->
<testsuite ignored="4" hostname="CFCHPC0005" failures="0" tests="2" name="Test" time="0.031" errors="0" timestamp="2020-08-16T12:39:17 IST">
  <testcase classname="qaclickacademy.Mavenjava.AppiumTest" name="NativeAppAndroid" time="0.003"/>
  <testcase classname="qaclickacademy.Mavenjava.SeleniumTest" name="BrowserAutomation" time="0.0"/>
  <testcase classname="qaclickacademy.Mavenjava.SeleniumTest" name="ElementsUI" time="0.0">
    <ignored/>
  </testcase> <!-- ElementsUI -->
  <testcase classname="qaclickacademy.Mavenjava.RestAPITest" name="deleteTwitter" time="0.0">
    <ignored/>
  </testcase> <!-- deleteTwitter -->
  <testcase classname="qaclickacademy.Mavenjava.RestAPITest" name="PostJira" time="0.0">
    <ignored/>
  </testcase> <!-- PostJira -->
  <testcase classname="qaclickacademy.Mavenjava.AppiumTest" name="IOSApps" time="0.0">
    <ignored/>
  </testcase> <!-- IOSApps -->
</testsuite> <!-- Test -->
