<?xml version="1.0" encoding="UTF-8"?>
<testng-results ignored="4" total="6" passed="2" failed="0" skipped="0">
  <reporter-output>
  </reporter-output>
  <suite started-at="2020-08-16T12:39:17 IST" name="Suite" finished-at="2020-08-16T12:39:17 IST" duration-ms="31">
    <groups>
      <group name="Smoke">
        <method signature="AppiumTest.NativeAppAndroid()[pri:0, instance:qaclickacademy.Mavenjava.AppiumTest@2aa5fe93]" name="NativeAppAndroid" class="qaclickacademy.Mavenjava.AppiumTest"/>
        <method signature="SeleniumTest.BrowserAutomation()[pri:0, instance:qaclickacademy.Mavenjava.SeleniumTest@5c1a8622]" name="BrowserAutomation" class="qaclickacademy.Mavenjava.SeleniumTest"/>
      </group> <!-- Smoke -->
    </groups>
    <test started-at="2020-08-16T12:39:17 IST" name="Test" finished-at="2020-08-16T12:39:17 IST" duration-ms="31">
      <class name="qaclickacademy.Mavenjava.AppiumTest">
        <test-method signature="NativeAppAndroid()[pri:0, instance:qaclickacademy.Mavenjava.AppiumTest@2aa5fe93]" started-at="2020-08-16T12:39:17 IST" name="NativeAppAndroid" finished-at="2020-08-16T12:39:17 IST" duration-ms="3" status="PASS">
          <reporter-output>
          </reporter-output>
        </test-method> <!-- NativeAppAndroid -->
      </class> <!-- qaclickacademy.Mavenjava.AppiumTest -->
      <class name="qaclickacademy.Mavenjava.SeleniumTest">
        <test-method signature="BrowserAutomation()[pri:0, instance:qaclickacademy.Mavenjava.SeleniumTest@5c1a8622]" started-at="2020-08-16T12:39:17 IST" name="BrowserAutomation" finished-at="2020-08-16T12:39:17 IST" duration-ms="0" status="PASS">
          <reporter-output>
          </reporter-output>
        </test-method> <!-- BrowserAutomation -->
      </class> <!-- qaclickacademy.Mavenjava.SeleniumTest -->
    </test> <!-- Test -->
  </suite> <!-- Suite -->
</testng-results>
