<?xml version="1.0" encoding="UTF-8"?>
<testng-results ignored="1" total="2" passed="1" failed="0" skipped="0">
  <reporter-output>
  </reporter-output>
  <suite started-at="2020-08-04T17:08:49 IST" name="Default suite" finished-at="2020-08-04T17:08:49 IST" duration-ms="71">
    <groups>
    </groups>
    <test started-at="2020-08-04T17:08:49 IST" name="Default test" finished-at="2020-08-04T17:08:49 IST" duration-ms="71">
      <class name="qaclickacademy.Mavenjava.AppiumTestClass">
        <test-method signature="NativeAppAndroid()[pri:0, instance:qaclickacademy.Mavenjava.AppiumTestClass@2d52216b]" started-at="2020-08-04T17:08:49 IST" name="NativeAppAndroid" finished-at="2020-08-04T17:08:49 IST" duration-ms="6" status="PASS">
          <reporter-output>
          </reporter-output>
        </test-method> <!-- NativeAppAndroid -->
      </class> <!-- qaclickacademy.Mavenjava.AppiumTestClass -->
    </test> <!-- Default test -->
  </suite> <!-- Default suite -->
</testng-results>
